#
# There is insufficient memory for the Java Runtime Environment to continue.
# Native memory allocation (mmap) failed to map 260046848 bytes for Failed to commit area from 0x0000000708600000 to 0x0000000717e00000 of length 260046848.
# Possible reasons:
#   The system is out of physical RAM or swap space
#   The process is running with CompressedOops enabled, and the Java Heap may be blocking the growth of the native heap
# Possible solutions:
#   Reduce memory load on the system
#   Increase physical memory or swap space
#   Check if swap backing store is full
#   Decrease Java heap size (-Xmx/-Xms)
#   Decrease number of Java threads
#   Decrease Java thread stack sizes (-Xss)
#   Set larger code cache with -XX:ReservedCodeCacheSize=
# This output file may be truncated or incomplete.
#
#  Out of Memory Error (t:/workspace/open/src/hotspot/os/windows/os_windows.cpp:3269), pid=17636, tid=13884
#
# JRE version:  (11.0.2+9) (build )
# Java VM: Java HotSpot(TM) 64-Bit Server VM (11.0.2+9-LTS, mixed mode, aot, sharing, tiered, compressed oops, g1 gc, windows-amd64)
# No core dump will be written. Minidumps are not enabled by default on client versions of Windows
#

---------------  S U M M A R Y ------------

Command Line: 

Host: Intel(R) Core(TM) i7-6500U CPU @ 2.50GHz, 4 cores, 15G,  Windows 10 , 64 bit Build 18362 (10.0.18362.329)
Time: Sun Apr  5 10:52:14 2020 RTZ 4 (ceia) elapsed time: 0 seconds (0d 0h 0m 0s)

---------------  T H R E A D  ---------------

Current thread (0x0000023aac562000):  JavaThread "Unknown thread" [_thread_in_vm, id=13884, stack(0x000000d2bdb00000,0x000000d2bdc00000)]

Stack: [0x000000d2bdb00000,0x000000d2bdc00000]
Native frames: (J=compiled Java code, j=interpreted, Vv=VM code, C=native code)
V  [jvm.dll+0x63574a]
V  [jvm.dll+0x77326f]
V  [jvm.dll+0x77491a]
V  [jvm.dll+0x774fd3]
V  [jvm.dll+0x25e418]
V  [jvm.dll+0x632c0a]
V  [jvm.dll+0x627645]
V  [jvm.dll+0x314e7c]
V  [jvm.dll+0x314d02]
V  [jvm.dll+0x31a576]
V  [jvm.dll+0x36635f]
V  [jvm.dll+0x365d80]
V  [jvm.dll+0x2f19f8]
V  [jvm.dll+0x2f2b56]
V  [jvm.dll+0x74c817]
V  [jvm.dll+0x74df5f]
V  [jvm.dll+0x373179]
V  [jvm.dll+0x732eb9]
V  [jvm.dll+0x3e295d]
V  [jvm.dll+0x3e4c61]
C  [java.exe+0x3607]
C  [java.exe+0x178dc]
C  [KERNEL32.DLL+0x17bd4]
C  [ntdll.dll+0x6ced1]


---------------  P R O C E S S  ---------------

Threads class SMR info:
_java_thread_list=0x0000023aaa463280, length=0, elements={
}

Java Threads: ( => current thread )

Other Threads:
  0x0000023aac579800 GCTaskThread "GC Thread#0" [stack: 0x000000d2bdc00000,0x000000d2bdd00000] [id=10540]
  0x0000023aac5d2800 ConcurrentGCThread "G1 Main Marker" [stack: 0x000000d2bdd00000,0x000000d2bde00000] [id=6140]
  0x0000023aac5d4000 ConcurrentGCThread "G1 Conc#0" [stack: 0x000000d2bde00000,0x000000d2bdf00000] [id=1060]

[error occurred during error reporting (printing all threads), id 0xc0000005, EXCEPTION_ACCESS_VIOLATION (0xc0000005) at pc=0x00007ff871e30197]

VM state:not at safepoint (not fully initialized)

VM Mutex/Monitor currently owned by a thread:  ([mutex/lock_event])
[0x0000023aac5610b0] Heap_lock - owner thread: 0x0000023aac562000

Heap address: 0x0000000708600000, size: 3962 MB, Compressed Oops mode: Non-zero based: 0x0000000708600000
Narrow klass base: 0x0000000000000000, Narrow klass shift: 0

GC Heap History (0 events):
No events

Deoptimization events (0 events):
No events

Classes redefined (0 events):
No events

Internal exceptions (0 events):
No events

Events (0 events):
No events


Dynamic libraries:
0x00007ff637a20000 - 0x00007ff637a67000 	C:\Program Files\Java\jdk-11.0.2\bin\java.exe
0x00007ff8d4b00000 - 0x00007ff8d4cf0000 	C:\WINDOWS\SYSTEM32\ntdll.dll
0x00007ff8d4290000 - 0x00007ff8d4342000 	C:\WINDOWS\System32\KERNEL32.DLL
0x00007ff8d1d00000 - 0x00007ff8d1fa3000 	C:\WINDOWS\System32\KERNELBASE.dll
0x00007ff8d45a0000 - 0x00007ff8d4643000 	C:\WINDOWS\System32\ADVAPI32.dll
0x00007ff8d2bb0000 - 0x00007ff8d2c4e000 	C:\WINDOWS\System32\msvcrt.dll
0x00007ff8d2c80000 - 0x00007ff8d2d17000 	C:\WINDOWS\System32\sechost.dll
0x00007ff8d3480000 - 0x00007ff8d35a0000 	C:\WINDOWS\System32\RPCRT4.dll
0x00007ff8d32e0000 - 0x00007ff8d3474000 	C:\WINDOWS\System32\USER32.dll
0x00007ff8d2150000 - 0x00007ff8d2171000 	C:\WINDOWS\System32\win32u.dll
0x00007ff8d2d20000 - 0x00007ff8d2d46000 	C:\WINDOWS\System32\GDI32.dll
0x00007ff8d1fb0000 - 0x00007ff8d2144000 	C:\WINDOWS\System32\gdi32full.dll
0x00007ff8d2a30000 - 0x00007ff8d2ace000 	C:\WINDOWS\System32\msvcp_win.dll
0x00007ff8d1be0000 - 0x00007ff8d1cda000 	C:\WINDOWS\System32\ucrtbase.dll
0x00007ff8c56f0000 - 0x00007ff8c5975000 	C:\WINDOWS\WinSxS\amd64_microsoft.windows.common-controls_6595b64144ccf1df_6.0.18362.720_none_e6beb5c51314836b\COMCTL32.dll
0x00007ff8d3750000 - 0x00007ff8d3a86000 	C:\WINDOWS\System32\combase.dll
0x00007ff8d29b0000 - 0x00007ff8d2a30000 	C:\WINDOWS\System32\bcryptPrimitives.dll
0x00007ff8cc0a0000 - 0x00007ff8cc0aa000 	C:\WINDOWS\SYSTEM32\VERSION.dll
0x00007ff8d2c50000 - 0x00007ff8d2c7e000 	C:\WINDOWS\System32\IMM32.DLL
0x00007ff8c1e10000 - 0x00007ff8c1e26000 	C:\Program Files\Java\jdk-11.0.2\bin\vcruntime140.dll
0x00007ff8c1d60000 - 0x00007ff8c1e0a000 	C:\Program Files\Java\jdk-11.0.2\bin\msvcp140.dll
0x00007ff871b30000 - 0x00007ff872657000 	C:\Program Files\Java\jdk-11.0.2\bin\server\jvm.dll
0x00007ff8d41f0000 - 0x00007ff8d41f8000 	C:\WINDOWS\System32\PSAPI.DLL
0x00007ff8b2d20000 - 0x00007ff8b2d29000 	C:\WINDOWS\SYSTEM32\WSOCK32.dll
0x00007ff8d3a90000 - 0x00007ff8d3aff000 	C:\WINDOWS\System32\WS2_32.dll
0x00007ff8cf940000 - 0x00007ff8cf964000 	C:\WINDOWS\SYSTEM32\WINMM.dll
0x00007ff8cf910000 - 0x00007ff8cf93d000 	C:\WINDOWS\SYSTEM32\WINMMBASE.dll
0x00007ff8d2ad0000 - 0x00007ff8d2b1a000 	C:\WINDOWS\System32\cfgmgr32.dll
0x00007ff8d19d0000 - 0x00007ff8d19e1000 	C:\WINDOWS\System32\kernel.appcore.dll
0x00007ff8c1d40000 - 0x00007ff8c1d51000 	C:\Program Files\Java\jdk-11.0.2\bin\verify.dll
0x00007ff8c38f0000 - 0x00007ff8c3ae4000 	C:\WINDOWS\SYSTEM32\DBGHELP.DLL
0x00007ff8b8050000 - 0x00007ff8b807a000 	C:\WINDOWS\SYSTEM32\dbgcore.DLL
0x00007ff8afa40000 - 0x00007ff8afa69000 	C:\Program Files\Java\jdk-11.0.2\bin\java.dll
0x00007ff8afa20000 - 0x00007ff8afa36000 	C:\Program Files\Java\jdk-11.0.2\bin\zip.dll
0x00007ff8ce250000 - 0x00007ff8ce25a000 	C:\Program Files\Java\jdk-11.0.2\bin\jimage.dll

dbghelp: loaded successfully - version: 4.0.5 - missing functions: none
symbol engine: initialized successfully - sym options: 0x614 - pdb path: .;C:\Program Files\Java\jdk-11.0.2\bin;C:\WINDOWS\SYSTEM32;C:\WINDOWS\WinSxS\amd64_microsoft.windows.common-controls_6595b64144ccf1df_6.0.18362.720_none_e6beb5c51314836b;C:\Program Files\Java\jdk-11.0.2\bin\server

VM Arguments:
java_command: <unknown>
java_class_path (initial): <not set>
Launcher Type: SUN_STANDARD

[Global flags]
     intx CICompilerCount                          = 3                                         {product} {ergonomic}
     uint ConcGCThreads                            = 1                                         {product} {ergonomic}
     uint G1ConcRefinementThreads                  = 4                                         {product} {ergonomic}
   size_t G1HeapRegionSize                         = 1048576                                   {product} {ergonomic}
    uintx GCDrainStackTargetSize                   = 64                                        {product} {ergonomic}
   size_t InitialHeapSize                          = 260046848                                 {product} {ergonomic}
   size_t MarkStackSize                            = 4194304                                   {product} {ergonomic}
   size_t MaxHeapSize                              = 4154458112                                {product} {ergonomic}
   size_t MinHeapDeltaBytes                        = 1048576                                   {product} {ergonomic}
    uintx NonNMethodCodeHeapSize                   = 5830092                                {pd product} {ergonomic}
    uintx NonProfiledCodeHeapSize                  = 122914074                              {pd product} {ergonomic}
    uintx ProfiledCodeHeapSize                     = 122914074                              {pd product} {ergonomic}
    uintx ReservedCodeCacheSize                    = 251658240                              {pd product} {ergonomic}
     bool SegmentedCodeCache                       = true                                      {product} {ergonomic}
     bool UseCompressedClassPointers               = true                                 {lp64_product} {ergonomic}
     bool UseCompressedOops                        = true                                 {lp64_product} {ergonomic}
     bool UseG1GC                                  = true                                      {product} {ergonomic}
     bool UseLargePagesIndividualAllocation        = false                                  {pd product} {ergonomic}

Logging:
Log output configuration:
 #0: stdout all=warning uptime,level,tags
 #1: stderr all=off uptime,level,tags

Environment Variables:
JAVA_HOME=C:\Program Files\Java\jdk-11.0.2
PATH=C:\Program Files\Intel\iCLS Client\;C:\WINDOWS\system32;C:\WINDOWS;C:\WINDOWS\System32\Wbem;C:\WINDOWS\System32\WindowsPowerShell\v1.0\;C:\Program Files (x86)\ATI Technologies\ATI.ACE\Core-Static;C:\Program Files\Microsoft SQL Server\120\Tools\Binn\;C:\Program Files\Microsoft SQL Server\130\Tools\Binn\;C:\Program Files (x86)\Windows Kits\10\Windows Performance Toolkit\;C:\WINDOWS\System32\OpenSSH\;C:\Program Files\Java\jdk-11.0.2\bin;C:\Program Files (x86)\Microsoft SQL Server\130\Tools\Binn\;C:\Program Files (x86)\Microsoft SQL Server\130\DTS\Binn\;C:\Program Files\Microsoft SQL Server\130\DTS\Binn\;C:\Program Files\Microsoft SQL Server\Client SDK\ODBC\130\Tools\Binn\;C:\Program Files (x86)\Microsoft SQL Server\110\Tools\Binn\ManagementStudio\;C:\Program Files (x86)\Microsoft SQL Server\110\Tools\Binn\;C:\Program Files\Microsoft SQL Server\110\Tools\Binn\;C:\Program Files (x86)\Microsoft SQL Server\110\DTS\Binn\;C:\Program Files\Intel\WiFi\bin\;C:\Program Files\Common Files\Intel\WirelessCommon\;C:\Program Files\Git\cmd;C:\Program Files\MySQL\MySQL Server 8.0\bin\;C:\Program Files\Java\jdk-11.0.2\bin\;C:\Program Files (x86)\Intel\Intel(R) Management Engine Components\DAL;C:\Program Files\Intel\Intel(R) Management Engine Components\DAL;C:\Program Files\MySQL\MySQL Server 8.0\bin\;C:\Users\User\AppData\Local\Microsoft\WindowsApps;C:\Program Files\Java\jdk-11.0.2\bin;
USERNAME=User
OS=Windows_NT
PROCESSOR_IDENTIFIER=Intel64 Family 6 Model 78 Stepping 3, GenuineIntel



---------------  S Y S T E M  ---------------

OS: Windows 10 , 64 bit Build 18362 (10.0.18362.329)

CPU:total 4 (initial active 4) (2 cores per cpu, 2 threads per core) family 6 model 78 stepping 3, cmov, cx8, fxsr, mmx, sse, sse2, sse3, ssse3, sse4.1, sse4.2, popcnt, avx, avx2, aes, clmul, erms, 3dnowpref, lzcnt, ht, tsc, tscinvbit, bmi1, bmi2, adx, fma

Memory: 4k page, system-wide physical 15842M (2460M free)
TotalPageFile size 15842M (AvailPageFile size 115M)
current process WorkingSet (physical memory assigned to process): 9M, peak: 9M
current process commit charge ("private bytes"): 52M, peak: 300M

vm_info: Java HotSpot(TM) 64-Bit Server VM (11.0.2+9-LTS) for windows-amd64 JRE (11.0.2+9-LTS), built on Jan 18 2019 05:24:10 by "mach5one" with MS VC++ 15.5 (VS2017)

END.
